<?xml version="1.0" encoding="UTF-8"?>
<robot generator="Robot 6.0.1 (Python 3.11.0 on win32)" generated="20221207 18:24:37.039" rpa="false" schemaversion="3">
<suite id="s1" name="Dareit Challenge Robotframework" source="C:\Users\tpomo\Documents\GitHub\dareit_challenge_robotframework">
<suite id="s1-s1" name="Test Scouts Rf" source="C:\Users\tpomo\Documents\GitHub\dareit_challenge_robotframework\test_scouts_rf.robot">
<test id="s1-s1-t1" name="Add player with valid data" line="78">
<kw name="Open login page">
<kw name="Open Browser" library="SeleniumLibrary">
<arg>${LOGIN URL}</arg>
<arg>${BROWSER}</arg>
<doc>Opens a new browser instance to the optional ``url``.</doc>
<msg timestamp="20221207 18:24:37.334" level="INFO">Opening browser 'Chrome' to base url 'https://scouts.futbolkolektyw.pl/en'.</msg>
<status status="PASS" starttime="20221207 18:24:37.334" endtime="20221207 18:24:40.011"/>
</kw>
<kw name="Title Should Be" library="SeleniumLibrary">
<arg>Scouts panel - sign in</arg>
<doc>Verifies that the current page title equals ``title``.</doc>
<msg timestamp="20221207 18:24:40.017" level="INFO">Page title is 'Scouts panel - sign in'.</msg>
<status status="PASS" starttime="20221207 18:24:40.012" endtime="20221207 18:24:40.017"/>
</kw>
<status status="PASS" starttime="20221207 18:24:37.334" endtime="20221207 18:24:40.017"/>
</kw>
<kw name="Type in email">
<kw name="Input Text" library="SeleniumLibrary">
<arg>${LOGIN FIELD}</arg>
<arg>user01@getnada.com</arg>
<doc>Types the given ``text`` into the text field identified by ``locator``.</doc>
<msg timestamp="20221207 18:24:40.019" level="INFO">Typing text 'user01@getnada.com' into text field 'xpath=//*[@id='login']'.</msg>
<status status="PASS" starttime="20221207 18:24:40.018" endtime="20221207 18:24:40.191"/>
</kw>
<status status="PASS" starttime="20221207 18:24:40.018" endtime="20221207 18:24:40.192"/>
</kw>
<kw name="Type in correct password">
<kw name="Input Text" library="SeleniumLibrary">
<arg>${PASSWORD FIELD}</arg>
<arg>Test-1234</arg>
<doc>Types the given ``text`` into the text field identified by ``locator``.</doc>
<msg timestamp="20221207 18:24:40.193" level="INFO">Typing text 'Test-1234' into text field 'xpath=//*[@id='password']'.</msg>
<status status="PASS" starttime="20221207 18:24:40.192" endtime="20221207 18:24:40.299"/>
</kw>
<status status="PASS" starttime="20221207 18:24:40.192" endtime="20221207 18:24:40.299"/>
</kw>
<kw name="Click on the Sign in button">
<kw name="Click Element" library="SeleniumLibrary">
<arg>${SIGN IN BUTTON}</arg>
<doc>Click the element identified by ``locator``.</doc>
<msg timestamp="20221207 18:24:40.301" level="INFO">Clicking element 'xpath=//*[@type='submit']'.</msg>
<status status="PASS" starttime="20221207 18:24:40.300" endtime="20221207 18:24:40.346"/>
</kw>
<status status="PASS" starttime="20221207 18:24:40.300" endtime="20221207 18:24:40.346"/>
</kw>
<kw name="Click on the Add player button">
<kw name="Wait Until Element Is Visible" library="SeleniumLibrary">
<arg>${MAIN PAGE LINK}</arg>
<doc>Waits until the element ``locator`` is visible.</doc>
<status status="PASS" starttime="20221207 18:24:40.347" endtime="20221207 18:24:41.622"/>
</kw>
<kw name="Click Element" library="SeleniumLibrary">
<arg>${ADD PLAYER BUTTON}</arg>
<doc>Click the element identified by ``locator``.</doc>
<msg timestamp="20221207 18:24:41.623" level="INFO">Clicking element 'xpath=//a[contains(@href,'add')]'.</msg>
<status status="PASS" starttime="20221207 18:24:41.623" endtime="20221207 18:24:41.732"/>
</kw>
<status status="PASS" starttime="20221207 18:24:40.346" endtime="20221207 18:24:41.732"/>
</kw>
<kw name="Type in name">
<kw name="Wait Until Element Is Visible" library="SeleniumLibrary">
<arg>${FORM TITLE}</arg>
<doc>Waits until the element ``locator`` is visible.</doc>
<status status="PASS" starttime="20221207 18:24:41.733" endtime="20221207 18:24:41.814"/>
</kw>
<kw name="Input Text" library="SeleniumLibrary">
<arg>${PLAYER NAME FIELD}</arg>
<arg>Test</arg>
<doc>Types the given ``text`` into the text field identified by ``locator``.</doc>
<msg timestamp="20221207 18:24:41.815" level="INFO">Typing text 'Test' into text field 'xpath=//input[@name='name']'.</msg>
<status status="PASS" starttime="20221207 18:24:41.814" endtime="20221207 18:24:41.913"/>
</kw>
<status status="PASS" starttime="20221207 18:24:41.733" endtime="20221207 18:24:41.913"/>
</kw>
<kw name="Type in surname">
<kw name="Input Text" library="SeleniumLibrary">
<arg>${PLAYER SURNAME FIELD}</arg>
<arg>Testowski</arg>
<doc>Types the given ``text`` into the text field identified by ``locator``.</doc>
<msg timestamp="20221207 18:24:41.915" level="INFO">Typing text 'Testowski' into text field 'xpath=//input[@name='surname']'.</msg>
<status status="PASS" starttime="20221207 18:24:41.914" endtime="20221207 18:24:42.042"/>
</kw>
<status status="PASS" starttime="20221207 18:24:41.914" endtime="20221207 18:24:42.042"/>
</kw>
<kw name="Type in age">
<kw name="Input Text" library="SeleniumLibrary">
<arg>${PLAYER AGE FIELD}</arg>
<arg>01/01/1990</arg>
<doc>Types the given ``text`` into the text field identified by ``locator``.</doc>
<msg timestamp="20221207 18:24:42.043" level="INFO">Typing text '01/01/1990' into text field 'xpath=//input[@name='age']'.</msg>
<status status="PASS" starttime="20221207 18:24:42.043" endtime="20221207 18:24:42.158"/>
</kw>
<status status="PASS" starttime="20221207 18:24:42.043" endtime="20221207 18:24:42.158"/>
</kw>
<kw name="Type in main position">
<kw name="Input Text" library="SeleniumLibrary">
<arg>${PLAYER MAIN POSITION FIELD}</arg>
<arg>Forward</arg>
<doc>Types the given ``text`` into the text field identified by ``locator``.</doc>
<msg timestamp="20221207 18:24:42.160" level="INFO">Typing text 'Forward' into text field 'xpath=//input[@name='mainPosition']'.</msg>
<status status="PASS" starttime="20221207 18:24:42.159" endtime="20221207 18:24:42.290"/>
</kw>
<status status="PASS" starttime="20221207 18:24:42.159" endtime="20221207 18:24:42.290"/>
</kw>
<kw name="Click on the Submit button">
<kw name="Click Element" library="SeleniumLibrary">
<arg>${SUBMIT BUTTON}</arg>
<doc>Click the element identified by ``locator``.</doc>
<msg timestamp="20221207 18:24:42.292" level="INFO">Clicking element 'xpath=//button[@type='submit']'.</msg>
<status status="PASS" starttime="20221207 18:24:42.292" endtime="20221207 18:24:42.378"/>
</kw>
<status status="PASS" starttime="20221207 18:24:42.292" endtime="20221207 18:24:42.378"/>
</kw>
<kw name="Assert edit player page">
<kw name="Wait Until Element Is Visible" library="SeleniumLibrary">
<arg>${PROGRESS BAR TOASTER}</arg>
<doc>Waits until the element ``locator`` is visible.</doc>
<status status="PASS" starttime="20221207 18:24:42.379" endtime="20221207 18:24:42.404"/>
</kw>
<kw name="Element Should Contain" library="SeleniumLibrary">
<arg>${FORM TITLE}</arg>
<arg>Edit player</arg>
<doc>Verifies that element ``locator`` contains text ``expected``.</doc>
<msg timestamp="20221207 18:24:42.810" level="INFO" html="true">&lt;/td&gt;&lt;/tr&gt;&lt;tr&gt;&lt;td colspan="3"&gt;&lt;a href="selenium-screenshot-5.png"&gt;&lt;img src="selenium-screenshot-5.png" width="800px"&gt;&lt;/a&gt;</msg>
<msg timestamp="20221207 18:24:42.811" level="FAIL">Element 'xpath=//form//*[contains(@class, 'h5')]' should have contained text 'Edit player' but its text was 'Add player'.</msg>
<status status="FAIL" starttime="20221207 18:24:42.404" endtime="20221207 18:24:42.816"/>
</kw>
<kw name="Capture Page Screenshot" library="SeleniumLibrary">
<arg>screenshots/add-player/player-added.png</arg>
<doc>Takes a screenshot of the current page and embeds it into a log file.</doc>
<status status="NOT RUN" starttime="20221207 18:24:42.817" endtime="20221207 18:24:42.817"/>
</kw>
<status status="FAIL" starttime="20221207 18:24:42.378" endtime="20221207 18:24:42.817"/>
</kw>
<kw name="Close Browser" library="SeleniumLibrary" type="TEARDOWN">
<doc>Closes the current browser.</doc>
<status status="PASS" starttime="20221207 18:24:42.817" endtime="20221207 18:24:45.098"/>
</kw>
<status status="FAIL" starttime="20221207 18:24:37.333" endtime="20221207 18:24:45.099">Element 'xpath=//form//*[contains(@class, 'h5')]' should have contained text 'Edit player' but its text was 'Add player'.</status>
</test>
<doc>Suite description #automated tests for scout website</doc>
<status status="FAIL" starttime="20221207 18:24:37.066" endtime="20221207 18:24:45.106"/>
</suite>
<status status="FAIL" starttime="20221207 18:24:37.040" endtime="20221207 18:24:45.108"/>
</suite>
<statistics>
<total>
<stat pass="0" fail="1" skip="0">All Tests</stat>
</total>
<tag>
</tag>
<suite>
<stat pass="0" fail="1" skip="0" id="s1" name="Dareit Challenge Robotframework">Dareit Challenge Robotframework</stat>
<stat pass="0" fail="1" skip="0" id="s1-s1" name="Test Scouts Rf">Dareit Challenge Robotframework.Test Scouts Rf</stat>
</suite>
</statistics>
<errors>
</errors>
</robot>
