<?xml version="1.0" encoding="UTF-8"?>
<robot generator="Robot 6.0.1 (Python 3.11.0 on win32)" generated="20221127 21:35:55.713" rpa="false" schemaversion="3">
<suite id="s1" name="Test Scouts Rf" source="C:\Users\tpomo\Documents\GitHub\dareit_challenge_robotframework\test_scouts_rf.robot">
<test id="s1-t1" name="Log in to the system with valid data" line="32">
<kw name="Open login page">
<kw name="Open Browser" library="SeleniumLibrary">
<arg>${LOGIN URL}</arg>
<arg>${BROWSER}</arg>
<doc>Opens a new browser instance to the optional ``url``.</doc>
<msg timestamp="20221127 21:35:55.918" level="INFO">Opening browser 'Chrome' to base url 'https://scouts-test.futbolkolektyw.pl/en'.</msg>
<status status="PASS" starttime="20221127 21:35:55.917" endtime="20221127 21:35:57.902"/>
</kw>
<kw name="Title Should Be" library="SeleniumLibrary">
<arg>Scouts panel - sign in</arg>
<doc>Verifies that the current page title equals ``title``.</doc>
<msg timestamp="20221127 21:35:57.910" level="INFO">Page title is 'Scouts panel - sign in'.</msg>
<status status="PASS" starttime="20221127 21:35:57.902" endtime="20221127 21:35:57.910"/>
</kw>
<status status="PASS" starttime="20221127 21:35:55.917" endtime="20221127 21:35:57.910"/>
</kw>
<kw name="Type in email">
<kw name="Input Text" library="SeleniumLibrary">
<arg>${LOGIN FIELD}</arg>
<arg>user01@getnada.com</arg>
<doc>Types the given ``text`` into the text field identified by ``locator``.</doc>
<msg timestamp="20221127 21:35:57.912" level="INFO">Typing text 'user01@getnada.com' into text field 'xpath=//*[@id='login']'.</msg>
<status status="PASS" starttime="20221127 21:35:57.911" endtime="20221127 21:35:58.082"/>
</kw>
<status status="PASS" starttime="20221127 21:35:57.911" endtime="20221127 21:35:58.082"/>
</kw>
<kw name="Type in correct password">
<kw name="Input Text" library="SeleniumLibrary">
<arg>${PASSWORD FIELD}</arg>
<arg>Test-1234</arg>
<doc>Types the given ``text`` into the text field identified by ``locator``.</doc>
<msg timestamp="20221127 21:35:58.083" level="INFO">Typing text 'Test-1234' into text field 'xpath=//*[@id='password']'.</msg>
<status status="PASS" starttime="20221127 21:35:58.083" endtime="20221127 21:35:58.186"/>
</kw>
<status status="PASS" starttime="20221127 21:35:58.083" endtime="20221127 21:35:58.186"/>
</kw>
<kw name="Click on the Sign in button">
<kw name="Click Element" library="SeleniumLibrary">
<arg>${SIGN IN BUTTON}</arg>
<doc>Click the element identified by ``locator``.</doc>
<msg timestamp="20221127 21:35:58.187" level="INFO">Clicking element 'xpath=//*[@type='submit']'.</msg>
<status status="PASS" starttime="20221127 21:35:58.187" endtime="20221127 21:35:58.230"/>
</kw>
<status status="PASS" starttime="20221127 21:35:58.186" endtime="20221127 21:35:58.230"/>
</kw>
<kw name="Assert dashboard">
<kw name="Wait Until Element Is Visible" library="SeleniumLibrary">
<arg>${MAIN PAGE LINK}</arg>
<doc>Waits until the element ``locator`` is visible.</doc>
<status status="PASS" starttime="20221127 21:35:58.231" endtime="20221127 21:35:59.554"/>
</kw>
<kw name="Title Should Be" library="SeleniumLibrary">
<arg>Scouts panel</arg>
<doc>Verifies that the current page title equals ``title``.</doc>
<msg timestamp="20221127 21:35:59.558" level="INFO">Page title is 'Scouts panel'.</msg>
<status status="PASS" starttime="20221127 21:35:59.554" endtime="20221127 21:35:59.558"/>
</kw>
<kw name="Capture Page Screenshot" library="SeleniumLibrary">
<arg>screenshots/login/dashboard-start.png</arg>
<doc>Takes a screenshot of the current page and embeds it into a log file.</doc>
<msg timestamp="20221127 21:35:59.691" level="INFO" html="true">&lt;/td&gt;&lt;/tr&gt;&lt;tr&gt;&lt;td colspan="3"&gt;&lt;a href="screenshots/login/dashboard-start.png"&gt;&lt;img src="screenshots/login/dashboard-start.png" width="800px"&gt;&lt;/a&gt;</msg>
<status status="PASS" starttime="20221127 21:35:59.558" endtime="20221127 21:35:59.691"/>
</kw>
<status status="PASS" starttime="20221127 21:35:58.231" endtime="20221127 21:35:59.691"/>
</kw>
<kw name="Close Browser" library="SeleniumLibrary" type="TEARDOWN">
<doc>Closes the current browser.</doc>
<status status="PASS" starttime="20221127 21:35:59.692" endtime="20221127 21:36:01.837"/>
</kw>
<status status="PASS" starttime="20221127 21:35:55.916" endtime="20221127 21:36:01.838"/>
</test>
<test id="s1-t2" name="Log in to the system with invalid password" line="40">
<kw name="Open login page">
<kw name="Open Browser" library="SeleniumLibrary">
<arg>${LOGIN URL}</arg>
<arg>${BROWSER}</arg>
<doc>Opens a new browser instance to the optional ``url``.</doc>
<msg timestamp="20221127 21:36:01.846" level="INFO">Opening browser 'Chrome' to base url 'https://scouts-test.futbolkolektyw.pl/en'.</msg>
<status status="PASS" starttime="20221127 21:36:01.844" endtime="20221127 21:36:03.837"/>
</kw>
<kw name="Title Should Be" library="SeleniumLibrary">
<arg>Scouts panel - sign in</arg>
<doc>Verifies that the current page title equals ``title``.</doc>
<msg timestamp="20221127 21:36:03.840" level="INFO">Page title is 'Scouts panel - sign in'.</msg>
<status status="PASS" starttime="20221127 21:36:03.837" endtime="20221127 21:36:03.840"/>
</kw>
<status status="PASS" starttime="20221127 21:36:01.843" endtime="20221127 21:36:03.841"/>
</kw>
<kw name="Type in email">
<kw name="Input Text" library="SeleniumLibrary">
<arg>${LOGIN FIELD}</arg>
<arg>user01@getnada.com</arg>
<doc>Types the given ``text`` into the text field identified by ``locator``.</doc>
<msg timestamp="20221127 21:36:03.842" level="INFO">Typing text 'user01@getnada.com' into text field 'xpath=//*[@id='login']'.</msg>
<status status="PASS" starttime="20221127 21:36:03.841" endtime="20221127 21:36:03.994"/>
</kw>
<status status="PASS" starttime="20221127 21:36:03.841" endtime="20221127 21:36:03.994"/>
</kw>
<kw name="Type in incorrect password">
<kw name="Input Text" library="SeleniumLibrary">
<arg>${PASSWORD FIELD}</arg>
<arg>Test1234</arg>
<doc>Types the given ``text`` into the text field identified by ``locator``.</doc>
<msg timestamp="20221127 21:36:03.994" level="INFO">Typing text 'Test1234' into text field 'xpath=//*[@id='password']'.</msg>
<status status="PASS" starttime="20221127 21:36:03.994" endtime="20221127 21:36:04.082"/>
</kw>
<status status="PASS" starttime="20221127 21:36:03.994" endtime="20221127 21:36:04.082"/>
</kw>
<kw name="Click on the Sign in button">
<kw name="Click Element" library="SeleniumLibrary">
<arg>${SIGN IN BUTTON}</arg>
<doc>Click the element identified by ``locator``.</doc>
<msg timestamp="20221127 21:36:04.083" level="INFO">Clicking element 'xpath=//*[@type='submit']'.</msg>
<status status="PASS" starttime="20221127 21:36:04.083" endtime="20221127 21:36:04.123"/>
</kw>
<status status="PASS" starttime="20221127 21:36:04.083" endtime="20221127 21:36:04.123"/>
</kw>
<kw name="Assert password error">
<kw name="Wait Until Element Is Visible" library="SeleniumLibrary">
<arg>${INVALID DATA CAPTION}</arg>
<doc>Waits until the element ``locator`` is visible.</doc>
<status status="PASS" starttime="20221127 21:36:04.123" endtime="20221127 21:36:04.775"/>
</kw>
<kw name="Element Text Should Be" library="SeleniumLibrary">
<arg>${INVALID DATA CAPTION}</arg>
<arg>Identifier or password invalid.</arg>
<doc>Verifies that element ``locator`` contains exact the text ``expected``.</doc>
<msg timestamp="20221127 21:36:04.776" level="INFO">Verifying element 'xpath=//span[contains(@class, 'caption')]' contains exact text 'Identifier or password invalid.'.</msg>
<status status="PASS" starttime="20221127 21:36:04.776" endtime="20221127 21:36:04.792"/>
</kw>
<kw name="Capture Page Screenshot" library="SeleniumLibrary">
<arg>screenshots/login/password-error.png</arg>
<doc>Takes a screenshot of the current page and embeds it into a log file.</doc>
<msg timestamp="20221127 21:36:04.956" level="INFO" html="true">&lt;/td&gt;&lt;/tr&gt;&lt;tr&gt;&lt;td colspan="3"&gt;&lt;a href="screenshots/login/password-error.png"&gt;&lt;img src="screenshots/login/password-error.png" width="800px"&gt;&lt;/a&gt;</msg>
<status status="PASS" starttime="20221127 21:36:04.793" endtime="20221127 21:36:04.957"/>
</kw>
<status status="PASS" starttime="20221127 21:36:04.123" endtime="20221127 21:36:04.957"/>
</kw>
<kw name="Close Browser" library="SeleniumLibrary" type="TEARDOWN">
<doc>Closes the current browser.</doc>
<status status="PASS" starttime="20221127 21:36:04.957" endtime="20221127 21:36:07.083"/>
</kw>
<status status="PASS" starttime="20221127 21:36:01.841" endtime="20221127 21:36:07.085"/>
</test>
<test id="s1-t3" name="Log in to the system with missing login data" line="48">
<kw name="Open login page">
<kw name="Open Browser" library="SeleniumLibrary">
<arg>${LOGIN URL}</arg>
<arg>${BROWSER}</arg>
<doc>Opens a new browser instance to the optional ``url``.</doc>
<msg timestamp="20221127 21:36:07.095" level="INFO">Opening browser 'Chrome' to base url 'https://scouts-test.futbolkolektyw.pl/en'.</msg>
<status status="PASS" starttime="20221127 21:36:07.092" endtime="20221127 21:36:09.013"/>
</kw>
<kw name="Title Should Be" library="SeleniumLibrary">
<arg>Scouts panel - sign in</arg>
<doc>Verifies that the current page title equals ``title``.</doc>
<msg timestamp="20221127 21:36:09.018" level="INFO">Page title is 'Scouts panel - sign in'.</msg>
<status status="PASS" starttime="20221127 21:36:09.013" endtime="20221127 21:36:09.018"/>
</kw>
<status status="PASS" starttime="20221127 21:36:07.091" endtime="20221127 21:36:09.018"/>
</kw>
<kw name="Click on the Sign in button">
<kw name="Click Element" library="SeleniumLibrary">
<arg>${SIGN IN BUTTON}</arg>
<doc>Click the element identified by ``locator``.</doc>
<msg timestamp="20221127 21:36:09.019" level="INFO">Clicking element 'xpath=//*[@type='submit']'.</msg>
<status status="PASS" starttime="20221127 21:36:09.019" endtime="20221127 21:36:09.072"/>
</kw>
<status status="PASS" starttime="20221127 21:36:09.018" endtime="20221127 21:36:09.072"/>
</kw>
<kw name="Assert login error">
<kw name="Wait Until Element Is Visible" library="SeleniumLibrary">
<arg>${INVALID DATA CAPTION}</arg>
<doc>Waits until the element ``locator`` is visible.</doc>
<status status="PASS" starttime="20221127 21:36:09.073" endtime="20221127 21:36:09.346"/>
</kw>
<kw name="Element Text Should Be" library="SeleniumLibrary">
<arg>${INVALID DATA CAPTION}</arg>
<arg>Please provide your username or your e-mail.</arg>
<doc>Verifies that element ``locator`` contains exact the text ``expected``.</doc>
<msg timestamp="20221127 21:36:09.348" level="INFO">Verifying element 'xpath=//span[contains(@class, 'caption')]' contains exact text 'Please provide your username or your e-mail.'.</msg>
<status status="PASS" starttime="20221127 21:36:09.346" endtime="20221127 21:36:09.417"/>
</kw>
<kw name="Capture Page Screenshot" library="SeleniumLibrary">
<arg>screenshots/login/email-error.png</arg>
<doc>Takes a screenshot of the current page and embeds it into a log file.</doc>
<msg timestamp="20221127 21:36:09.579" level="INFO" html="true">&lt;/td&gt;&lt;/tr&gt;&lt;tr&gt;&lt;td colspan="3"&gt;&lt;a href="screenshots/login/email-error.png"&gt;&lt;img src="screenshots/login/email-error.png" width="800px"&gt;&lt;/a&gt;</msg>
<status status="PASS" starttime="20221127 21:36:09.417" endtime="20221127 21:36:09.579"/>
</kw>
<status status="PASS" starttime="20221127 21:36:09.073" endtime="20221127 21:36:09.579"/>
</kw>
<kw name="Close Browser" library="SeleniumLibrary" type="TEARDOWN">
<doc>Closes the current browser.</doc>
<status status="PASS" starttime="20221127 21:36:09.580" endtime="20221127 21:36:11.705"/>
</kw>
<status status="PASS" starttime="20221127 21:36:07.088" endtime="20221127 21:36:11.706"/>
</test>
<test id="s1-t4" name="Check remind password functionality" line="54">
<kw name="Open login page">
<kw name="Open Browser" library="SeleniumLibrary">
<arg>${LOGIN URL}</arg>
<arg>${BROWSER}</arg>
<doc>Opens a new browser instance to the optional ``url``.</doc>
<msg timestamp="20221127 21:36:11.714" level="INFO">Opening browser 'Chrome' to base url 'https://scouts-test.futbolkolektyw.pl/en'.</msg>
<status status="PASS" starttime="20221127 21:36:11.712" endtime="20221127 21:36:13.631"/>
</kw>
<kw name="Title Should Be" library="SeleniumLibrary">
<arg>Scouts panel - sign in</arg>
<doc>Verifies that the current page title equals ``title``.</doc>
<msg timestamp="20221127 21:36:13.636" level="INFO">Page title is 'Scouts panel - sign in'.</msg>
<status status="PASS" starttime="20221127 21:36:13.631" endtime="20221127 21:36:13.636"/>
</kw>
<status status="PASS" starttime="20221127 21:36:11.711" endtime="20221127 21:36:13.636"/>
</kw>
<kw name="Click on the Remind password button">
<kw name="Click Element" library="SeleniumLibrary">
<arg>${REMIND PASSWORD LINK}</arg>
<doc>Click the element identified by ``locator``.</doc>
<msg timestamp="20221127 21:36:13.637" level="INFO">Clicking element 'xpath=//child::form//a'.</msg>
<status status="PASS" starttime="20221127 21:36:13.636" endtime="20221127 21:36:13.689"/>
</kw>
<status status="PASS" starttime="20221127 21:36:13.636" endtime="20221127 21:36:13.689"/>
</kw>
<kw name="Assert Remind password form">
<kw name="Wait Until Element Is Visible" library="SeleniumLibrary">
<arg>${SEND BUTTON}</arg>
<doc>Waits until the element ``locator`` is visible.</doc>
<msg timestamp="20221127 21:36:13.722" level="INFO">Suppressing StaleElementReferenceException from Selenium.</msg>
<status status="PASS" starttime="20221127 21:36:13.690" endtime="20221127 21:36:13.951"/>
</kw>
<kw name="Title Should Be" library="SeleniumLibrary">
<arg>Remind password</arg>
<doc>Verifies that the current page title equals ``title``.</doc>
<msg timestamp="20221127 21:36:13.957" level="INFO">Page title is 'Remind password'.</msg>
<status status="PASS" starttime="20221127 21:36:13.951" endtime="20221127 21:36:13.957"/>
</kw>
<kw name="Capture Page Screenshot" library="SeleniumLibrary">
<arg>screenshots/login/remind-pw.png</arg>
<doc>Takes a screenshot of the current page and embeds it into a log file.</doc>
<msg timestamp="20221127 21:36:14.067" level="INFO" html="true">&lt;/td&gt;&lt;/tr&gt;&lt;tr&gt;&lt;td colspan="3"&gt;&lt;a href="screenshots/login/remind-pw.png"&gt;&lt;img src="screenshots/login/remind-pw.png" width="800px"&gt;&lt;/a&gt;</msg>
<status status="PASS" starttime="20221127 21:36:13.957" endtime="20221127 21:36:14.067"/>
</kw>
<status status="PASS" starttime="20221127 21:36:13.690" endtime="20221127 21:36:14.067"/>
</kw>
<kw name="Close Browser" library="SeleniumLibrary" type="TEARDOWN">
<doc>Closes the current browser.</doc>
<status status="PASS" starttime="20221127 21:36:14.068" endtime="20221127 21:36:16.204"/>
</kw>
<status status="PASS" starttime="20221127 21:36:11.709" endtime="20221127 21:36:16.205"/>
</test>
<test id="s1-t5" name="Log out of the system" line="60">
<kw name="Open login page">
<kw name="Open Browser" library="SeleniumLibrary">
<arg>${LOGIN URL}</arg>
<arg>${BROWSER}</arg>
<doc>Opens a new browser instance to the optional ``url``.</doc>
<msg timestamp="20221127 21:36:16.213" level="INFO">Opening browser 'Chrome' to base url 'https://scouts-test.futbolkolektyw.pl/en'.</msg>
<status status="PASS" starttime="20221127 21:36:16.211" endtime="20221127 21:36:18.116"/>
</kw>
<kw name="Title Should Be" library="SeleniumLibrary">
<arg>Scouts panel - sign in</arg>
<doc>Verifies that the current page title equals ``title``.</doc>
<msg timestamp="20221127 21:36:18.122" level="INFO">Page title is 'Scouts panel - sign in'.</msg>
<status status="PASS" starttime="20221127 21:36:18.117" endtime="20221127 21:36:18.122"/>
</kw>
<status status="PASS" starttime="20221127 21:36:16.210" endtime="20221127 21:36:18.122"/>
</kw>
<kw name="Type in email">
<kw name="Input Text" library="SeleniumLibrary">
<arg>${LOGIN FIELD}</arg>
<arg>user01@getnada.com</arg>
<doc>Types the given ``text`` into the text field identified by ``locator``.</doc>
<msg timestamp="20221127 21:36:18.123" level="INFO">Typing text 'user01@getnada.com' into text field 'xpath=//*[@id='login']'.</msg>
<status status="PASS" starttime="20221127 21:36:18.123" endtime="20221127 21:36:18.282"/>
</kw>
<status status="PASS" starttime="20221127 21:36:18.122" endtime="20221127 21:36:18.283"/>
</kw>
<kw name="Type in correct password">
<kw name="Input Text" library="SeleniumLibrary">
<arg>${PASSWORD FIELD}</arg>
<arg>Test-1234</arg>
<doc>Types the given ``text`` into the text field identified by ``locator``.</doc>
<msg timestamp="20221127 21:36:18.284" level="INFO">Typing text 'Test-1234' into text field 'xpath=//*[@id='password']'.</msg>
<status status="PASS" starttime="20221127 21:36:18.283" endtime="20221127 21:36:18.377"/>
</kw>
<status status="PASS" starttime="20221127 21:36:18.283" endtime="20221127 21:36:18.377"/>
</kw>
<kw name="Click on the Sign in button">
<kw name="Click Element" library="SeleniumLibrary">
<arg>${SIGN IN BUTTON}</arg>
<doc>Click the element identified by ``locator``.</doc>
<msg timestamp="20221127 21:36:18.378" level="INFO">Clicking element 'xpath=//*[@type='submit']'.</msg>
<status status="PASS" starttime="20221127 21:36:18.378" endtime="20221127 21:36:18.420"/>
</kw>
<status status="PASS" starttime="20221127 21:36:18.378" endtime="20221127 21:36:18.420"/>
</kw>
<kw name="Click on the Sign out button">
<kw name="Wait Until Element Is Visible" library="SeleniumLibrary">
<arg>${SIGN OUT BUTTON}</arg>
<doc>Waits until the element ``locator`` is visible.</doc>
<status status="PASS" starttime="20221127 21:36:18.421" endtime="20221127 21:36:19.711"/>
</kw>
<kw name="Click Element" library="SeleniumLibrary">
<arg>${SIGN OUT BUTTON}</arg>
<doc>Click the element identified by ``locator``.</doc>
<msg timestamp="20221127 21:36:19.711" level="INFO">Clicking element 'xpath=//ul[2]//div[@role='button'][2]'.</msg>
<status status="PASS" starttime="20221127 21:36:19.711" endtime="20221127 21:36:19.768"/>
</kw>
<status status="PASS" starttime="20221127 21:36:18.420" endtime="20221127 21:36:19.768"/>
</kw>
<kw name="Assert login page">
<kw name="Wait Until Element Is Visible" library="SeleniumLibrary">
<arg>${LOGIN FORM}</arg>
<doc>Waits until the element ``locator`` is visible.</doc>
<status status="PASS" starttime="20221127 21:36:19.769" endtime="20221127 21:36:19.792"/>
</kw>
<kw name="Title Should Be" library="SeleniumLibrary">
<arg>Scouts panel - sign in</arg>
<doc>Verifies that the current page title equals ``title``.</doc>
<msg timestamp="20221127 21:36:19.795" level="INFO">Page title is 'Scouts panel - sign in'.</msg>
<status status="PASS" starttime="20221127 21:36:19.792" endtime="20221127 21:36:19.795"/>
</kw>
<kw name="Capture Page Screenshot" library="SeleniumLibrary">
<arg>screenshots/login/login-page.png</arg>
<doc>Takes a screenshot of the current page and embeds it into a log file.</doc>
<msg timestamp="20221127 21:36:19.910" level="INFO" html="true">&lt;/td&gt;&lt;/tr&gt;&lt;tr&gt;&lt;td colspan="3"&gt;&lt;a href="screenshots/login/login-page.png"&gt;&lt;img src="screenshots/login/login-page.png" width="800px"&gt;&lt;/a&gt;</msg>
<status status="PASS" starttime="20221127 21:36:19.795" endtime="20221127 21:36:19.910"/>
</kw>
<status status="PASS" starttime="20221127 21:36:19.768" endtime="20221127 21:36:19.910"/>
</kw>
<kw name="Close Browser" library="SeleniumLibrary" type="TEARDOWN">
<doc>Closes the current browser.</doc>
<status status="PASS" starttime="20221127 21:36:19.910" endtime="20221127 21:36:22.127"/>
</kw>
<status status="PASS" starttime="20221127 21:36:16.208" endtime="20221127 21:36:22.129"/>
</test>
<test id="s1-t6" name="Change language to Polish" line="69">
<kw name="Open login page">
<kw name="Open Browser" library="SeleniumLibrary">
<arg>${LOGIN URL}</arg>
<arg>${BROWSER}</arg>
<doc>Opens a new browser instance to the optional ``url``.</doc>
<msg timestamp="20221127 21:36:22.137" level="INFO">Opening browser 'Chrome' to base url 'https://scouts-test.futbolkolektyw.pl/en'.</msg>
<status status="PASS" starttime="20221127 21:36:22.134" endtime="20221127 21:36:24.090"/>
</kw>
<kw name="Title Should Be" library="SeleniumLibrary">
<arg>Scouts panel - sign in</arg>
<doc>Verifies that the current page title equals ``title``.</doc>
<msg timestamp="20221127 21:36:24.097" level="INFO">Page title is 'Scouts panel - sign in'.</msg>
<status status="PASS" starttime="20221127 21:36:24.090" endtime="20221127 21:36:24.097"/>
</kw>
<status status="PASS" starttime="20221127 21:36:22.133" endtime="20221127 21:36:24.097"/>
</kw>
<kw name="Type in email">
<kw name="Input Text" library="SeleniumLibrary">
<arg>${LOGIN FIELD}</arg>
<arg>user01@getnada.com</arg>
<doc>Types the given ``text`` into the text field identified by ``locator``.</doc>
<msg timestamp="20221127 21:36:24.098" level="INFO">Typing text 'user01@getnada.com' into text field 'xpath=//*[@id='login']'.</msg>
<status status="PASS" starttime="20221127 21:36:24.098" endtime="20221127 21:36:24.250"/>
</kw>
<status status="PASS" starttime="20221127 21:36:24.097" endtime="20221127 21:36:24.250"/>
</kw>
<kw name="Type in correct password">
<kw name="Input Text" library="SeleniumLibrary">
<arg>${PASSWORD FIELD}</arg>
<arg>Test-1234</arg>
<doc>Types the given ``text`` into the text field identified by ``locator``.</doc>
<msg timestamp="20221127 21:36:24.251" level="INFO">Typing text 'Test-1234' into text field 'xpath=//*[@id='password']'.</msg>
<status status="PASS" starttime="20221127 21:36:24.250" endtime="20221127 21:36:24.342"/>
</kw>
<status status="PASS" starttime="20221127 21:36:24.250" endtime="20221127 21:36:24.342"/>
</kw>
<kw name="Click on the Sign in button">
<kw name="Click Element" library="SeleniumLibrary">
<arg>${SIGN IN BUTTON}</arg>
<doc>Click the element identified by ``locator``.</doc>
<msg timestamp="20221127 21:36:24.343" level="INFO">Clicking element 'xpath=//*[@type='submit']'.</msg>
<status status="PASS" starttime="20221127 21:36:24.343" endtime="20221127 21:36:24.384"/>
</kw>
<status status="PASS" starttime="20221127 21:36:24.343" endtime="20221127 21:36:24.385"/>
</kw>
<kw name="Click on the Change language button">
<kw name="Wait Until Element Is Visible" library="SeleniumLibrary">
<arg>${MAIN PAGE LINK}</arg>
<doc>Waits until the element ``locator`` is visible.</doc>
<status status="PASS" starttime="20221127 21:36:24.385" endtime="20221127 21:36:25.453"/>
</kw>
<kw name="Click Element" library="SeleniumLibrary">
<arg>${CHANGE LANGUAGE BUTTON}</arg>
<doc>Click the element identified by ``locator``.</doc>
<msg timestamp="20221127 21:36:25.453" level="INFO">Clicking element 'xpath=//ul[2]//div[@role='button'][1]'.</msg>
<status status="PASS" starttime="20221127 21:36:25.453" endtime="20221127 21:36:25.527"/>
</kw>
<status status="PASS" starttime="20221127 21:36:24.385" endtime="20221127 21:36:25.527"/>
</kw>
<kw name="Assert language change">
<kw name="Element Text Should Be" library="SeleniumLibrary">
<arg>${CHANGE LANGUAGE BUTTON}</arg>
<arg>English</arg>
<doc>Verifies that element ``locator`` contains exact the text ``expected``.</doc>
<msg timestamp="20221127 21:36:25.529" level="INFO">Verifying element 'xpath=//ul[2]//div[@role='button'][1]' contains exact text 'English'.</msg>
<status status="PASS" starttime="20221127 21:36:25.528" endtime="20221127 21:36:25.555"/>
</kw>
<kw name="Capture Page Screenshot" library="SeleniumLibrary">
<arg>screenshots/dashboard/language-set-pl.png</arg>
<doc>Takes a screenshot of the current page and embeds it into a log file.</doc>
<msg timestamp="20221127 21:36:25.711" level="INFO" html="true">&lt;/td&gt;&lt;/tr&gt;&lt;tr&gt;&lt;td colspan="3"&gt;&lt;a href="screenshots/dashboard/language-set-pl.png"&gt;&lt;img src="screenshots/dashboard/language-set-pl.png" width="800px"&gt;&lt;/a&gt;</msg>
<status status="PASS" starttime="20221127 21:36:25.555" endtime="20221127 21:36:25.711"/>
</kw>
<status status="PASS" starttime="20221127 21:36:25.528" endtime="20221127 21:36:25.712"/>
</kw>
<kw name="Close Browser" library="SeleniumLibrary" type="TEARDOWN">
<doc>Closes the current browser.</doc>
<status status="PASS" starttime="20221127 21:36:25.712" endtime="20221127 21:36:27.843"/>
</kw>
<status status="PASS" starttime="20221127 21:36:22.131" endtime="20221127 21:36:27.843"/>
</test>
<test id="s1-t7" name="Add player with valid data" line="78">
<kw name="Open login page">
<kw name="Open Browser" library="SeleniumLibrary">
<arg>${LOGIN URL}</arg>
<arg>${BROWSER}</arg>
<doc>Opens a new browser instance to the optional ``url``.</doc>
<msg timestamp="20221127 21:36:27.852" level="INFO">Opening browser 'Chrome' to base url 'https://scouts-test.futbolkolektyw.pl/en'.</msg>
<status status="PASS" starttime="20221127 21:36:27.851" endtime="20221127 21:36:29.897"/>
</kw>
<kw name="Title Should Be" library="SeleniumLibrary">
<arg>Scouts panel - sign in</arg>
<doc>Verifies that the current page title equals ``title``.</doc>
<msg timestamp="20221127 21:36:29.902" level="INFO">Page title is 'Scouts panel - sign in'.</msg>
<status status="PASS" starttime="20221127 21:36:29.897" endtime="20221127 21:36:29.902"/>
</kw>
<status status="PASS" starttime="20221127 21:36:27.848" endtime="20221127 21:36:29.902"/>
</kw>
<kw name="Type in email">
<kw name="Input Text" library="SeleniumLibrary">
<arg>${LOGIN FIELD}</arg>
<arg>user01@getnada.com</arg>
<doc>Types the given ``text`` into the text field identified by ``locator``.</doc>
<msg timestamp="20221127 21:36:29.904" level="INFO">Typing text 'user01@getnada.com' into text field 'xpath=//*[@id='login']'.</msg>
<status status="PASS" starttime="20221127 21:36:29.903" endtime="20221127 21:36:30.049"/>
</kw>
<status status="PASS" starttime="20221127 21:36:29.903" endtime="20221127 21:36:30.049"/>
</kw>
<kw name="Type in correct password">
<kw name="Input Text" library="SeleniumLibrary">
<arg>${PASSWORD FIELD}</arg>
<arg>Test-1234</arg>
<doc>Types the given ``text`` into the text field identified by ``locator``.</doc>
<msg timestamp="20221127 21:36:30.050" level="INFO">Typing text 'Test-1234' into text field 'xpath=//*[@id='password']'.</msg>
<status status="PASS" starttime="20221127 21:36:30.049" endtime="20221127 21:36:30.137"/>
</kw>
<status status="PASS" starttime="20221127 21:36:30.049" endtime="20221127 21:36:30.138"/>
</kw>
<kw name="Click on the Sign in button">
<kw name="Click Element" library="SeleniumLibrary">
<arg>${SIGN IN BUTTON}</arg>
<doc>Click the element identified by ``locator``.</doc>
<msg timestamp="20221127 21:36:30.138" level="INFO">Clicking element 'xpath=//*[@type='submit']'.</msg>
<status status="PASS" starttime="20221127 21:36:30.138" endtime="20221127 21:36:30.177"/>
</kw>
<status status="PASS" starttime="20221127 21:36:30.138" endtime="20221127 21:36:30.177"/>
</kw>
<kw name="Click on the Add player button">
<kw name="Wait Until Element Is Visible" library="SeleniumLibrary">
<arg>${MAIN PAGE LINK}</arg>
<doc>Waits until the element ``locator`` is visible.</doc>
<status status="PASS" starttime="20221127 21:36:30.178" endtime="20221127 21:36:31.241"/>
</kw>
<kw name="Click Element" library="SeleniumLibrary">
<arg>${ADD PLAYER BUTTON}</arg>
<doc>Click the element identified by ``locator``.</doc>
<msg timestamp="20221127 21:36:31.242" level="INFO">Clicking element 'xpath=//a[contains(@href,'add')]'.</msg>
<status status="PASS" starttime="20221127 21:36:31.241" endtime="20221127 21:36:31.291"/>
</kw>
<status status="PASS" starttime="20221127 21:36:30.178" endtime="20221127 21:36:31.292"/>
</kw>
<kw name="Type in name">
<kw name="Wait Until Element Is Visible" library="SeleniumLibrary">
<arg>${FORM TITLE}</arg>
<doc>Waits until the element ``locator`` is visible.</doc>
<status status="PASS" starttime="20221127 21:36:31.293" endtime="20221127 21:36:31.525"/>
</kw>
<kw name="Input Text" library="SeleniumLibrary">
<arg>${PLAYER NAME FIELD}</arg>
<arg>Test</arg>
<doc>Types the given ``text`` into the text field identified by ``locator``.</doc>
<msg timestamp="20221127 21:36:31.526" level="INFO">Typing text 'Test' into text field 'xpath=//input[@name='name']'.</msg>
<status status="PASS" starttime="20221127 21:36:31.525" endtime="20221127 21:36:31.604"/>
</kw>
<status status="PASS" starttime="20221127 21:36:31.293" endtime="20221127 21:36:31.604"/>
</kw>
<kw name="Type in surname">
<kw name="Input Text" library="SeleniumLibrary">
<arg>${PLAYER SURNAME FIELD}</arg>
<arg>Testowski</arg>
<doc>Types the given ``text`` into the text field identified by ``locator``.</doc>
<msg timestamp="20221127 21:36:31.604" level="INFO">Typing text 'Testowski' into text field 'xpath=//input[@name='surname']'.</msg>
<status status="PASS" starttime="20221127 21:36:31.604" endtime="20221127 21:36:31.712"/>
</kw>
<status status="PASS" starttime="20221127 21:36:31.604" endtime="20221127 21:36:31.712"/>
</kw>
<kw name="Type in age">
<kw name="Input Text" library="SeleniumLibrary">
<arg>${PLAYER AGE FIELD}</arg>
<arg>01/01/1990</arg>
<doc>Types the given ``text`` into the text field identified by ``locator``.</doc>
<msg timestamp="20221127 21:36:31.713" level="INFO">Typing text '01/01/1990' into text field 'xpath=//input[@name='age']'.</msg>
<status status="PASS" starttime="20221127 21:36:31.712" endtime="20221127 21:36:31.798"/>
</kw>
<status status="PASS" starttime="20221127 21:36:31.712" endtime="20221127 21:36:31.798"/>
</kw>
<kw name="Type in main position">
<kw name="Input Text" library="SeleniumLibrary">
<arg>${PLAYER MAIN POSITION FIELD}</arg>
<arg>Forward</arg>
<doc>Types the given ``text`` into the text field identified by ``locator``.</doc>
<msg timestamp="20221127 21:36:31.799" level="INFO">Typing text 'Forward' into text field 'xpath=//input[@name='mainPosition']'.</msg>
<status status="PASS" starttime="20221127 21:36:31.798" endtime="20221127 21:36:31.895"/>
</kw>
<status status="PASS" starttime="20221127 21:36:31.798" endtime="20221127 21:36:31.895"/>
</kw>
<kw name="Click on the Submit button">
<kw name="Click Element" library="SeleniumLibrary">
<arg>${SUBMIT BUTTON}</arg>
<doc>Click the element identified by ``locator``.</doc>
<msg timestamp="20221127 21:36:31.897" level="INFO">Clicking element 'xpath=//button[@type='submit']'.</msg>
<status status="PASS" starttime="20221127 21:36:31.896" endtime="20221127 21:36:31.955"/>
</kw>
<status status="PASS" starttime="20221127 21:36:31.896" endtime="20221127 21:36:31.956"/>
</kw>
<kw name="Assert edit player page">
<kw name="Wait Until Element Is Visible" library="SeleniumLibrary">
<arg>${PROGRESS BAR TOASTER}</arg>
<doc>Waits until the element ``locator`` is visible.</doc>
<status status="PASS" starttime="20221127 21:36:31.956" endtime="20221127 21:36:32.438"/>
</kw>
<kw name="Element Should Contain" library="SeleniumLibrary">
<arg>${FORM TITLE}</arg>
<arg>Edit player</arg>
<doc>Verifies that element ``locator`` contains text ``expected``.</doc>
<msg timestamp="20221127 21:36:32.457" level="INFO">Element 'xpath=//form//*[contains(@class, 'h5')]' contains text 'Edit player'.</msg>
<status status="PASS" starttime="20221127 21:36:32.438" endtime="20221127 21:36:32.457"/>
</kw>
<kw name="Capture Page Screenshot" library="SeleniumLibrary">
<arg>screenshots/add-player/player-added.png</arg>
<doc>Takes a screenshot of the current page and embeds it into a log file.</doc>
<msg timestamp="20221127 21:36:32.599" level="INFO" html="true">&lt;/td&gt;&lt;/tr&gt;&lt;tr&gt;&lt;td colspan="3"&gt;&lt;a href="screenshots/add-player/player-added.png"&gt;&lt;img src="screenshots/add-player/player-added.png" width="800px"&gt;&lt;/a&gt;</msg>
<status status="PASS" starttime="20221127 21:36:32.458" endtime="20221127 21:36:32.599"/>
</kw>
<status status="PASS" starttime="20221127 21:36:31.956" endtime="20221127 21:36:32.599"/>
</kw>
<kw name="Close Browser" library="SeleniumLibrary" type="TEARDOWN">
<doc>Closes the current browser.</doc>
<status status="PASS" starttime="20221127 21:36:32.599" endtime="20221127 21:36:34.774"/>
</kw>
<status status="PASS" starttime="20221127 21:36:27.846" endtime="20221127 21:36:34.775"/>
</test>
<test id="s1-t8" name="Add player with missing required data" line="92">
<kw name="Open login page">
<kw name="Open Browser" library="SeleniumLibrary">
<arg>${LOGIN URL}</arg>
<arg>${BROWSER}</arg>
<doc>Opens a new browser instance to the optional ``url``.</doc>
<msg timestamp="20221127 21:36:34.781" level="INFO">Opening browser 'Chrome' to base url 'https://scouts-test.futbolkolektyw.pl/en'.</msg>
<status status="PASS" starttime="20221127 21:36:34.780" endtime="20221127 21:36:36.669"/>
</kw>
<kw name="Title Should Be" library="SeleniumLibrary">
<arg>Scouts panel - sign in</arg>
<doc>Verifies that the current page title equals ``title``.</doc>
<msg timestamp="20221127 21:36:36.674" level="INFO">Page title is 'Scouts panel - sign in'.</msg>
<status status="PASS" starttime="20221127 21:36:36.669" endtime="20221127 21:36:36.674"/>
</kw>
<status status="PASS" starttime="20221127 21:36:34.780" endtime="20221127 21:36:36.674"/>
</kw>
<kw name="Type in email">
<kw name="Input Text" library="SeleniumLibrary">
<arg>${LOGIN FIELD}</arg>
<arg>user01@getnada.com</arg>
<doc>Types the given ``text`` into the text field identified by ``locator``.</doc>
<msg timestamp="20221127 21:36:36.676" level="INFO">Typing text 'user01@getnada.com' into text field 'xpath=//*[@id='login']'.</msg>
<status status="PASS" starttime="20221127 21:36:36.675" endtime="20221127 21:36:36.846"/>
</kw>
<status status="PASS" starttime="20221127 21:36:36.674" endtime="20221127 21:36:36.846"/>
</kw>
<kw name="Type in correct password">
<kw name="Input Text" library="SeleniumLibrary">
<arg>${PASSWORD FIELD}</arg>
<arg>Test-1234</arg>
<doc>Types the given ``text`` into the text field identified by ``locator``.</doc>
<msg timestamp="20221127 21:36:36.847" level="INFO">Typing text 'Test-1234' into text field 'xpath=//*[@id='password']'.</msg>
<status status="PASS" starttime="20221127 21:36:36.847" endtime="20221127 21:36:36.954"/>
</kw>
<status status="PASS" starttime="20221127 21:36:36.846" endtime="20221127 21:36:36.954"/>
</kw>
<kw name="Click on the Sign in button">
<kw name="Click Element" library="SeleniumLibrary">
<arg>${SIGN IN BUTTON}</arg>
<doc>Click the element identified by ``locator``.</doc>
<msg timestamp="20221127 21:36:36.955" level="INFO">Clicking element 'xpath=//*[@type='submit']'.</msg>
<status status="PASS" starttime="20221127 21:36:36.955" endtime="20221127 21:36:37.003"/>
</kw>
<status status="PASS" starttime="20221127 21:36:36.954" endtime="20221127 21:36:37.004"/>
</kw>
<kw name="Click on the Add player button">
<kw name="Wait Until Element Is Visible" library="SeleniumLibrary">
<arg>${MAIN PAGE LINK}</arg>
<doc>Waits until the element ``locator`` is visible.</doc>
<status status="PASS" starttime="20221127 21:36:37.004" endtime="20221127 21:36:38.064"/>
</kw>
<kw name="Click Element" library="SeleniumLibrary">
<arg>${ADD PLAYER BUTTON}</arg>
<doc>Click the element identified by ``locator``.</doc>
<msg timestamp="20221127 21:36:38.064" level="INFO">Clicking element 'xpath=//a[contains(@href,'add')]'.</msg>
<status status="PASS" starttime="20221127 21:36:38.064" endtime="20221127 21:36:38.109"/>
</kw>
<status status="PASS" starttime="20221127 21:36:37.004" endtime="20221127 21:36:38.110"/>
</kw>
<kw name="Click on the name field">
<kw name="Wait Until Element Is Visible" library="SeleniumLibrary">
<arg>${FORM TITLE}</arg>
<doc>Waits until the element ``locator`` is visible.</doc>
<status status="PASS" starttime="20221127 21:36:38.110" endtime="20221127 21:36:38.343"/>
</kw>
<kw name="Click Element" library="SeleniumLibrary">
<arg>${PLAYER NAME FIELD}</arg>
<doc>Click the element identified by ``locator``.</doc>
<msg timestamp="20221127 21:36:38.344" level="INFO">Clicking element 'xpath=//input[@name='name']'.</msg>
<status status="PASS" starttime="20221127 21:36:38.343" endtime="20221127 21:36:38.387"/>
</kw>
<status status="PASS" starttime="20221127 21:36:38.110" endtime="20221127 21:36:38.388"/>
</kw>
<kw name="Click on the Submit button">
<kw name="Click Element" library="SeleniumLibrary">
<arg>${SUBMIT BUTTON}</arg>
<doc>Click the element identified by ``locator``.</doc>
<msg timestamp="20221127 21:36:38.389" level="INFO">Clicking element 'xpath=//button[@type='submit']'.</msg>
<status status="PASS" starttime="20221127 21:36:38.388" endtime="20221127 21:36:38.449"/>
</kw>
<status status="PASS" starttime="20221127 21:36:38.388" endtime="20221127 21:36:38.449"/>
</kw>
<kw name="Assert required data error">
<kw name="Wait Until Element Is Visible" library="SeleniumLibrary">
<arg>${REQUIRED DATA LABEL}</arg>
<doc>Waits until the element ``locator`` is visible.</doc>
<status status="PASS" starttime="20221127 21:36:38.449" endtime="20221127 21:36:38.470"/>
</kw>
<kw name="Element Text Should Be" library="SeleniumLibrary">
<arg>${REQUIRED DATA LABEL}</arg>
<arg>Required</arg>
<doc>Verifies that element ``locator`` contains exact the text ``expected``.</doc>
<msg timestamp="20221127 21:36:38.471" level="INFO">Verifying element 'xpath=//p[contains(@class, 'required')]' contains exact text 'Required'.</msg>
<status status="PASS" starttime="20221127 21:36:38.471" endtime="20221127 21:36:38.485"/>
</kw>
<kw name="Capture Page Screenshot" library="SeleniumLibrary">
<arg>screenshots/add-player/required-player-data.png</arg>
<doc>Takes a screenshot of the current page and embeds it into a log file.</doc>
<msg timestamp="20221127 21:36:38.633" level="INFO" html="true">&lt;/td&gt;&lt;/tr&gt;&lt;tr&gt;&lt;td colspan="3"&gt;&lt;a href="screenshots/add-player/required-player-data.png"&gt;&lt;img src="screenshots/add-player/required-player-data.png" width="800px"&gt;&lt;/a&gt;</msg>
<status status="PASS" starttime="20221127 21:36:38.486" endtime="20221127 21:36:38.633"/>
</kw>
<status status="PASS" starttime="20221127 21:36:38.449" endtime="20221127 21:36:38.633"/>
</kw>
<kw name="Close Browser" library="SeleniumLibrary" type="TEARDOWN">
<doc>Closes the current browser.</doc>
<status status="PASS" starttime="20221127 21:36:38.633" endtime="20221127 21:36:40.790"/>
</kw>
<status status="PASS" starttime="20221127 21:36:34.779" endtime="20221127 21:36:40.791"/>
</test>
<test id="s1-t9" name="Clear data on add player form" line="103">
<kw name="Open login page">
<kw name="Open Browser" library="SeleniumLibrary">
<arg>${LOGIN URL}</arg>
<arg>${BROWSER}</arg>
<doc>Opens a new browser instance to the optional ``url``.</doc>
<msg timestamp="20221127 21:36:40.797" level="INFO">Opening browser 'Chrome' to base url 'https://scouts-test.futbolkolektyw.pl/en'.</msg>
<status status="PASS" starttime="20221127 21:36:40.796" endtime="20221127 21:36:42.707"/>
</kw>
<kw name="Title Should Be" library="SeleniumLibrary">
<arg>Scouts panel - sign in</arg>
<doc>Verifies that the current page title equals ``title``.</doc>
<msg timestamp="20221127 21:36:42.710" level="INFO">Page title is 'Scouts panel - sign in'.</msg>
<status status="PASS" starttime="20221127 21:36:42.707" endtime="20221127 21:36:42.711"/>
</kw>
<status status="PASS" starttime="20221127 21:36:40.795" endtime="20221127 21:36:42.711"/>
</kw>
<kw name="Type in email">
<kw name="Input Text" library="SeleniumLibrary">
<arg>${LOGIN FIELD}</arg>
<arg>user01@getnada.com</arg>
<doc>Types the given ``text`` into the text field identified by ``locator``.</doc>
<msg timestamp="20221127 21:36:42.712" level="INFO">Typing text 'user01@getnada.com' into text field 'xpath=//*[@id='login']'.</msg>
<status status="PASS" starttime="20221127 21:36:42.711" endtime="20221127 21:36:42.867"/>
</kw>
<status status="PASS" starttime="20221127 21:36:42.711" endtime="20221127 21:36:42.867"/>
</kw>
<kw name="Type in correct password">
<kw name="Input Text" library="SeleniumLibrary">
<arg>${PASSWORD FIELD}</arg>
<arg>Test-1234</arg>
<doc>Types the given ``text`` into the text field identified by ``locator``.</doc>
<msg timestamp="20221127 21:36:42.869" level="INFO">Typing text 'Test-1234' into text field 'xpath=//*[@id='password']'.</msg>
<status status="PASS" starttime="20221127 21:36:42.868" endtime="20221127 21:36:42.978"/>
</kw>
<status status="PASS" starttime="20221127 21:36:42.868" endtime="20221127 21:36:42.978"/>
</kw>
<kw name="Click on the Sign in button">
<kw name="Click Element" library="SeleniumLibrary">
<arg>${SIGN IN BUTTON}</arg>
<doc>Click the element identified by ``locator``.</doc>
<msg timestamp="20221127 21:36:42.979" level="INFO">Clicking element 'xpath=//*[@type='submit']'.</msg>
<status status="PASS" starttime="20221127 21:36:42.979" endtime="20221127 21:36:43.023"/>
</kw>
<status status="PASS" starttime="20221127 21:36:42.978" endtime="20221127 21:36:43.023"/>
</kw>
<kw name="Click on the Add player button">
<kw name="Wait Until Element Is Visible" library="SeleniumLibrary">
<arg>${MAIN PAGE LINK}</arg>
<doc>Waits until the element ``locator`` is visible.</doc>
<status status="PASS" starttime="20221127 21:36:43.023" endtime="20221127 21:36:44.084"/>
</kw>
<kw name="Click Element" library="SeleniumLibrary">
<arg>${ADD PLAYER BUTTON}</arg>
<doc>Click the element identified by ``locator``.</doc>
<msg timestamp="20221127 21:36:44.084" level="INFO">Clicking element 'xpath=//a[contains(@href,'add')]'.</msg>
<status status="PASS" starttime="20221127 21:36:44.084" endtime="20221127 21:36:44.127"/>
</kw>
<status status="PASS" starttime="20221127 21:36:43.023" endtime="20221127 21:36:44.127"/>
</kw>
<kw name="Type in name">
<kw name="Wait Until Element Is Visible" library="SeleniumLibrary">
<arg>${FORM TITLE}</arg>
<doc>Waits until the element ``locator`` is visible.</doc>
<status status="PASS" starttime="20221127 21:36:44.128" endtime="20221127 21:36:44.354"/>
</kw>
<kw name="Input Text" library="SeleniumLibrary">
<arg>${PLAYER NAME FIELD}</arg>
<arg>Test</arg>
<doc>Types the given ``text`` into the text field identified by ``locator``.</doc>
<msg timestamp="20221127 21:36:44.354" level="INFO">Typing text 'Test' into text field 'xpath=//input[@name='name']'.</msg>
<status status="PASS" starttime="20221127 21:36:44.354" endtime="20221127 21:36:44.429"/>
</kw>
<status status="PASS" starttime="20221127 21:36:44.127" endtime="20221127 21:36:44.429"/>
</kw>
<kw name="Type in surname">
<kw name="Input Text" library="SeleniumLibrary">
<arg>${PLAYER SURNAME FIELD}</arg>
<arg>Testowski</arg>
<doc>Types the given ``text`` into the text field identified by ``locator``.</doc>
<msg timestamp="20221127 21:36:44.431" level="INFO">Typing text 'Testowski' into text field 'xpath=//input[@name='surname']'.</msg>
<status status="PASS" starttime="20221127 21:36:44.430" endtime="20221127 21:36:44.528"/>
</kw>
<status status="PASS" starttime="20221127 21:36:44.430" endtime="20221127 21:36:44.528"/>
</kw>
<kw name="Type in age">
<kw name="Input Text" library="SeleniumLibrary">
<arg>${PLAYER AGE FIELD}</arg>
<arg>01/01/1990</arg>
<doc>Types the given ``text`` into the text field identified by ``locator``.</doc>
<msg timestamp="20221127 21:36:44.529" level="INFO">Typing text '01/01/1990' into text field 'xpath=//input[@name='age']'.</msg>
<status status="PASS" starttime="20221127 21:36:44.529" endtime="20221127 21:36:44.616"/>
</kw>
<status status="PASS" starttime="20221127 21:36:44.528" endtime="20221127 21:36:44.616"/>
</kw>
<kw name="Type in main position">
<kw name="Input Text" library="SeleniumLibrary">
<arg>${PLAYER MAIN POSITION FIELD}</arg>
<arg>Forward</arg>
<doc>Types the given ``text`` into the text field identified by ``locator``.</doc>
<msg timestamp="20221127 21:36:44.617" level="INFO">Typing text 'Forward' into text field 'xpath=//input[@name='mainPosition']'.</msg>
<status status="PASS" starttime="20221127 21:36:44.616" endtime="20221127 21:36:44.712"/>
</kw>
<status status="PASS" starttime="20221127 21:36:44.616" endtime="20221127 21:36:44.712"/>
</kw>
<kw name="Click on the Clear button">
<kw name="Click Element" library="SeleniumLibrary">
<arg>${CLEAR BUTTON}</arg>
<doc>Click the element identified by ``locator``.</doc>
<msg timestamp="20221127 21:36:44.713" level="INFO">Clicking element 'xpath=//button[@type='submit']//following-sibling::button'.</msg>
<status status="PASS" starttime="20221127 21:36:44.712" endtime="20221127 21:36:44.762"/>
</kw>
<status status="PASS" starttime="20221127 21:36:44.712" endtime="20221127 21:36:44.763"/>
</kw>
<kw name="Assert empty fields">
<kw name="Element Text Should Be" library="SeleniumLibrary">
<arg>${PLAYER NAME FIELD}</arg>
<arg>${EMPTY}</arg>
<doc>Verifies that element ``locator`` contains exact the text ``expected``.</doc>
<msg timestamp="20221127 21:36:44.764" level="INFO">Verifying element 'xpath=//input[@name='name']' contains exact text ''.</msg>
<status status="PASS" starttime="20221127 21:36:44.763" endtime="20221127 21:36:44.781"/>
</kw>
<kw name="Element Text Should Be" library="SeleniumLibrary">
<arg>${PLAYER SURNAME FIELD}</arg>
<arg>${EMPTY}</arg>
<doc>Verifies that element ``locator`` contains exact the text ``expected``.</doc>
<msg timestamp="20221127 21:36:44.782" level="INFO">Verifying element 'xpath=//input[@name='surname']' contains exact text ''.</msg>
<status status="PASS" starttime="20221127 21:36:44.781" endtime="20221127 21:36:44.798"/>
</kw>
<kw name="Element Text Should Be" library="SeleniumLibrary">
<arg>${PLAYER AGE FIELD}</arg>
<arg>${EMPTY}</arg>
<doc>Verifies that element ``locator`` contains exact the text ``expected``.</doc>
<msg timestamp="20221127 21:36:44.799" level="INFO">Verifying element 'xpath=//input[@name='age']' contains exact text ''.</msg>
<status status="PASS" starttime="20221127 21:36:44.798" endtime="20221127 21:36:44.815"/>
</kw>
<kw name="Element Text Should Be" library="SeleniumLibrary">
<arg>${PLAYER MAIN POSITION FIELD}</arg>
<arg>${EMPTY}</arg>
<doc>Verifies that element ``locator`` contains exact the text ``expected``.</doc>
<msg timestamp="20221127 21:36:44.816" level="INFO">Verifying element 'xpath=//input[@name='mainPosition']' contains exact text ''.</msg>
<status status="PASS" starttime="20221127 21:36:44.816" endtime="20221127 21:36:44.831"/>
</kw>
<kw name="Capture Page Screenshot" library="SeleniumLibrary">
<arg>screenshots/add-player/fields-cleared.png</arg>
<doc>Takes a screenshot of the current page and embeds it into a log file.</doc>
<msg timestamp="20221127 21:36:44.989" level="INFO" html="true">&lt;/td&gt;&lt;/tr&gt;&lt;tr&gt;&lt;td colspan="3"&gt;&lt;a href="screenshots/add-player/fields-cleared.png"&gt;&lt;img src="screenshots/add-player/fields-cleared.png" width="800px"&gt;&lt;/a&gt;</msg>
<status status="PASS" starttime="20221127 21:36:44.831" endtime="20221127 21:36:44.989"/>
</kw>
<status status="PASS" starttime="20221127 21:36:44.763" endtime="20221127 21:36:44.989"/>
</kw>
<kw name="Close Browser" library="SeleniumLibrary" type="TEARDOWN">
<doc>Closes the current browser.</doc>
<status status="PASS" starttime="20221127 21:36:44.989" endtime="20221127 21:36:47.149"/>
</kw>
<status status="PASS" starttime="20221127 21:36:40.794" endtime="20221127 21:36:47.150"/>
</test>
<doc>Suite description #automated tests for scout website</doc>
<status status="PASS" starttime="20221127 21:35:55.716" endtime="20221127 21:36:47.154"/>
</suite>
<statistics>
<total>
<stat pass="9" fail="0" skip="0">All Tests</stat>
</total>
<tag>
</tag>
<suite>
<stat pass="9" fail="0" skip="0" id="s1" name="Test Scouts Rf">Test Scouts Rf</stat>
</suite>
</statistics>
<errors>
</errors>
</robot>
